<?xml version="1.0" encoding="UTF-8"?>
<coverage generated="1567060603138" clover="3.2.0">
  <project timestamp="1567060603138" name="All files">
    <metrics statements="15" coveredstatements="15" conditionals="0" coveredconditionals="0" methods="5" coveredmethods="5" elements="20" coveredelements="20" complexity="0" loc="15" ncloc="15" packages="1" files="2" classes="2"/>
    <file name="calculate.js" path="/Users/gique/Documents/Project/Example/development-workshop/app/apis/calculate.js">
      <metrics statements="11" coveredstatements="11" conditionals="0" coveredconditionals="0" methods="4" coveredmethods="4"/>
      <line num="1" count="1" type="stmt"/>
      <line num="2" count="7" type="stmt"/>
      <line num="3" count="6" type="stmt"/>
      <line num="4" count="6" type="stmt"/>
      <line num="7" count="1" type="stmt"/>
      <line num="8" count="7" type="stmt"/>
      <line num="12" count="1" type="stmt"/>
      <line num="13" count="7" type="stmt"/>
      <line num="16" count="1" type="stmt"/>
      <line num="17" count="7" type="stmt"/>
      <line num="20" count="1" type="stmt"/>
    </file>
    <file name="index.js" path="/Users/gique/Documents/Project/Example/development-workshop/app/apis/index.js">
      <metrics statements="4" coveredstatements="4" conditionals="0" coveredconditionals="0" methods="1" coveredmethods="1"/>
      <line num="1" count="1" type="stmt"/>
      <line num="2" count="1" type="stmt"/>
      <line num="3" count="1" type="stmt"/>
      <line num="6" count="1" type="stmt"/>
    </file>
  </project>
</coverage>
