{"/Users/gique/Documents/Project/Example/development-workshop/app/apis/calculate.js": {"path":"/Users/gique/Documents/Project/Example/development-workshop/app/apis/calculate.js","statementMap":{"0":{"start":{"line":1,"column":12},"end":{"line":5,"column":1}},"1":{"start":{"line":2,"column":19},"end":{"line":2,"column":32}},"2":{"start":{"line":3,"column":4},"end":{"line":3,"column":51}},"3":{"start":{"line":4,"column":4},"end":{"line":4,"column":26}},"4":{"start":{"line":7,"column":14},"end":{"line":9,"column":1}},"5":{"start":{"line":8,"column":4},"end":{"line":8,"column":34}},"6":{"start":{"line":12,"column":17},"end":{"line":14,"column":1}},"7":{"start":{"line":13,"column":4},"end":{"line":13,"column":37}},"8":{"start":{"line":16,"column":15},"end":{"line":18,"column":1}},"9":{"start":{"line":17,"column":4},"end":{"line":17,"column":35}},"10":{"start":{"line":20,"column":0},"end":{"line":25,"column":1}}},"fnMap":{"0":{"name":"(anonymous_0)","decl":{"start":{"line":1,"column":12},"end":{"line":1,"column":13}},"loc":{"start":{"line":1,"column":32},"end":{"line":5,"column":1}},"line":1},"1":{"name":"(anonymous_1)","decl":{"start":{"line":7,"column":14},"end":{"line":7,"column":15}},"loc":{"start":{"line":7,"column":34},"end":{"line":9,"column":1}},"line":7},"2":{"name":"(anonymous_2)","decl":{"start":{"line":12,"column":17},"end":{"line":12,"column":18}},"loc":{"start":{"line":12,"column":37},"end":{"line":14,"column":1}},"line":12},"3":{"name":"(anonymous_3)","decl":{"start":{"line":16,"column":15},"end":{"line":16,"column":16}},"loc":{"start":{"line":16,"column":35},"end":{"line":18,"column":1}},"line":16}},"branchMap":{},"s":{"0":1,"1":7,"2":6,"3":6,"4":1,"5":7,"6":1,"7":7,"8":1,"9":7,"10":1},"f":{"0":7,"1":7,"2":7,"3":7},"b":{},"_coverageSchema":"43e27e138ebf9cfc5966b082cf9a028302ed4184","hash":"04a87ee9a5e925d07e2ed62271ef7a6d428e8042"}
,"/Users/gique/Documents/Project/Example/development-workshop/app/apis/index.js": {"path":"/Users/gique/Documents/Project/Example/development-workshop/app/apis/index.js","statementMap":{"0":{"start":{"line":1,"column":14},"end":{"line":4,"column":1}},"1":{"start":{"line":2,"column":4},"end":{"line":2,"column":31}},"2":{"start":{"line":3,"column":4},"end":{"line":3,"column":28}},"3":{"start":{"line":6,"column":0},"end":{"line":8,"column":1}}},"fnMap":{"0":{"name":"(anonymous_0)","decl":{"start":{"line":1,"column":14},"end":{"line":1,"column":15}},"loc":{"start":{"line":1,"column":28},"end":{"line":4,"column":1}},"line":1}},"branchMap":{},"s":{"0":1,"1":1,"2":1,"3":1},"f":{"0":1},"b":{},"_coverageSchema":"43e27e138ebf9cfc5966b082cf9a028302ed4184","hash":"6ba5e47b383e81bd2238f156b1727b41205b0f25"}
}
