TN:
SF:/Users/gique/Documents/Project/Example/development-workshop/app/apis/calculate.js
FN:1,(anonymous_0)
FN:7,(anonymous_1)
FN:12,(anonymous_2)
FN:16,(anonymous_3)
FNF:4
FNH:4
FNDA:7,(anonymous_0)
FNDA:7,(anonymous_1)
FNDA:7,(anonymous_2)
FNDA:7,(anonymous_3)
DA:1,1
DA:2,7
DA:3,6
DA:4,6
DA:7,1
DA:8,7
DA:12,1
DA:13,7
DA:16,1
DA:17,7
DA:20,1
LF:11
LH:11
BRF:0
BRH:0
end_of_record
TN:
SF:/Users/gique/Documents/Project/Example/development-workshop/app/apis/index.js
FN:1,(anonymous_0)
FNF:1
FNH:1
FNDA:1,(anonymous_0)
DA:1,1
DA:2,1
DA:3,1
DA:6,1
LF:4
LH:4
BRF:0
BRH:0
end_of_record
